{"level":"info","message":"MongoDB Connected","service":"workflow-engine","timestamp":"2026-03-19 13:22:03"}
{"level":"info","message":"Server running in development mode on port 5000","service":"workflow-engine","timestamp":"2026-03-19 13:22:03"}
{"level":"info","message":"MongoDB Connected","service":"workflow-engine","timestamp":"2026-03-19 13:28:14"}
{"level":"info","message":"Server running in development mode on port 5000","service":"workflow-engine","timestamp":"2026-03-19 13:28:14"}
{"level":"info","message":"MongoDB Connected","service":"workflow-engine","timestamp":"2026-03-19 13:29:27"}
{"level":"info","message":"Server running in development mode on port 5000","service":"workflow-engine","timestamp":"2026-03-19 13:29:27"}
{"level":"info","message":"MongoDB Connected","service":"workflow-engine","timestamp":"2026-03-19 13:32:38"}
{"level":"info","message":"Server running in development mode on port 5000","service":"workflow-engine","timestamp":"2026-03-19 13:32:38"}
{"level":"info","message":"MongoDB Connected","service":"workflow-engine","timestamp":"2026-03-19 13:37:59"}
{"level":"info","message":"Server running in development mode on port 5000","service":"workflow-engine","timestamp":"2026-03-19 13:37:59"}
{"level":"info","message":"MongoDB Connected","service":"workflow-engine","timestamp":"2026-03-19 13:38:14"}
{"level":"info","message":"Server running in development mode on port 5000","service":"workflow-engine","timestamp":"2026-03-19 13:38:14"}
{"level":"info","message":"MongoDB Connected","service":"workflow-engine","timestamp":"2026-03-19 13:38:25"}
{"level":"info","message":"Server running in development mode on port 5000","service":"workflow-engine","timestamp":"2026-03-19 13:38:25"}
{"level":"info","message":"MongoDB Connected","service":"workflow-engine","timestamp":"2026-03-19 13:45:30"}
{"level":"info","message":"Server running in development mode on port 5000","service":"workflow-engine","timestamp":"2026-03-19 13:45:30"}
{"level":"error","message":"ValidationError: Step validation failed: step_type: `task 1` is not a valid enum value for path `step_type`.","method":"POST","service":"workflow-engine","stack":"ValidationError: Step validation failed: step_type: `task 1` is not a valid enum value for path `step_type`.\n    at Document.invalidate (C:\\Users\\sesha\\Downloads\\flowpilot-fixed-cleaned\\flowpilot\\backend\\node_modules\\mongoose\\lib\\document.js:3381:32)\n    at C:\\Users\\sesha\\Downloads\\flowpilot-fixed-cleaned\\flowpilot\\backend\\node_modules\\mongoose\\lib\\document.js:3142:17\n    at C:\\Users\\sesha\\Downloads\\flowpilot-fixed-cleaned\\flowpilot\\backend\\node_modules\\mongoose\\lib\\schemaType.js:1446:9\n    at process.processTicksAndRejections (node:internal/process/task_queues:85:11)","timestamp":"2026-03-19 13:50:28","url":"/api/workflows/69bbb1b595433212ba653abb/steps"}
{"level":"error","message":"ValidationError: Step validation failed: step_type: `task 1` is not a valid enum value for path `step_type`.","method":"POST","service":"workflow-engine","stack":"ValidationError: Step validation failed: step_type: `task 1` is not a valid enum value for path `step_type`.\n    at Document.invalidate (C:\\Users\\sesha\\Downloads\\flowpilot-fixed-cleaned\\flowpilot\\backend\\node_modules\\mongoose\\lib\\document.js:3381:32)\n    at C:\\Users\\sesha\\Downloads\\flowpilot-fixed-cleaned\\flowpilot\\backend\\node_modules\\mongoose\\lib\\document.js:3142:17\n    at C:\\Users\\sesha\\Downloads\\flowpilot-fixed-cleaned\\flowpilot\\backend\\node_modules\\mongoose\\lib\\schemaType.js:1446:9\n    at process.processTicksAndRejections (node:internal/process/task_queues:85:11)","timestamp":"2026-03-19 13:50:41","url":"/api/workflows/69bbb1b595433212ba653abb/steps"}
{"level":"error","message":"ValidationError: Step validation failed: step_type: `task 1` is not a valid enum value for path `step_type`.","method":"POST","service":"workflow-engine","stack":"ValidationError: Step validation failed: step_type: `task 1` is not a valid enum value for path `step_type`.\n    at Document.invalidate (C:\\Users\\sesha\\Downloads\\flowpilot-fixed-cleaned\\flowpilot\\backend\\node_modules\\mongoose\\lib\\document.js:3381:32)\n    at C:\\Users\\sesha\\Downloads\\flowpilot-fixed-cleaned\\flowpilot\\backend\\node_modules\\mongoose\\lib\\document.js:3142:17\n    at C:\\Users\\sesha\\Downloads\\flowpilot-fixed-cleaned\\flowpilot\\backend\\node_modules\\mongoose\\lib\\schemaType.js:1446:9\n    at process.processTicksAndRejections (node:internal/process/task_queues:85:11)","timestamp":"2026-03-19 13:51:01","url":"/api/workflows/69bbb1b595433212ba653abb/steps"}
{"level":"info","message":"MongoDB Connected","service":"workflow-engine","timestamp":"2026-03-19 13:51:43"}
{"level":"info","message":"Server running in development mode on port 5000","service":"workflow-engine","timestamp":"2026-03-19 13:51:43"}
{"level":"info","message":"MongoDB Connected","service":"workflow-engine","timestamp":"2026-03-19 13:52:17"}
{"level":"info","message":"Server running in development mode on port 5000","service":"workflow-engine","timestamp":"2026-03-19 13:52:17"}
{"level":"error","message":"ValidationError: Step validation failed: step_type: `Check Amount` is not a valid enum value for path `step_type`.","method":"POST","service":"workflow-engine","stack":"ValidationError: Step validation failed: step_type: `Check Amount` is not a valid enum value for path `step_type`.\n    at Document.invalidate (C:\\Users\\sesha\\Downloads\\flowpilot-fixed-cleaned\\flowpilot\\backend\\node_modules\\mongoose\\lib\\document.js:3381:32)\n    at C:\\Users\\sesha\\Downloads\\flowpilot-fixed-cleaned\\flowpilot\\backend\\node_modules\\mongoose\\lib\\document.js:3142:17\n    at C:\\Users\\sesha\\Downloads\\flowpilot-fixed-cleaned\\flowpilot\\backend\\node_modules\\mongoose\\lib\\schemaType.js:1446:9\n    at process.processTicksAndRejections (node:internal/process/task_queues:85:11)","timestamp":"2026-03-19 13:56:13","url":"/api/workflows/69bbb2e05ac7dc25d45640a7/steps"}
{"level":"error","message":"ValidationError: Validation failed: step_type: `Approval` is not a valid enum value for path `step_type`.","method":"PUT","service":"workflow-engine","stack":"ValidationError: Validation failed: step_type: `Approval` is not a valid enum value for path `step_type`.\n    at _done (C:\\Users\\sesha\\Downloads\\flowpilot-fixed-cleaned\\flowpilot\\backend\\node_modules\\mongoose\\lib\\helpers\\updateValidators.js:227:19)\n    at C:\\Users\\sesha\\Downloads\\flowpilot-fixed-cleaned\\flowpilot\\backend\\node_modules\\mongoose\\lib\\helpers\\updateValidators.js:203:11\n    at schemaPath.doValidate.updateValidator (C:\\Users\\sesha\\Downloads\\flowpilot-fixed-cleaned\\flowpilot\\backend\\node_modules\\mongoose\\lib\\helpers\\updateValidators.js:161:13)\n    at C:\\Users\\sesha\\Downloads\\flowpilot-fixed-cleaned\\flowpilot\\backend\\node_modules\\mongoose\\lib\\schemaType.js:1438:11\n    at process.processTicksAndRejections (node:internal/process/task_queues:85:11)","timestamp":"2026-03-19 13:57:00","url":"/api/steps/69bbb3355ac7dc25d45640b5"}
{"level":"info","message":"New client connected: cdj8hOhIdnEYEp9uAAAC","service":"workflow-engine","timestamp":"2026-03-19 13:58:16"}
{"level":"info","message":"Processing step: Check Amount (task) for execution 69bbb3d05ac7dc25d45640e0","service":"workflow-engine","timestamp":"2026-03-19 13:59:04"}
{"level":"info","message":"Processing step: Manager Approval (approval) for execution 69bbb3d05ac7dc25d45640e0","service":"workflow-engine","timestamp":"2026-03-19 13:59:04"}
{"level":"info","message":"Processing step: Manager Approval (approval) for execution 69bbb3d05ac7dc25d45640e0","service":"workflow-engine","timestamp":"2026-03-19 13:59:11"}
{"level":"info","message":"Processing step: Send Notification (notification) for execution 69bbb3d05ac7dc25d45640e0","service":"workflow-engine","timestamp":"2026-03-19 13:59:11"}
{"level":"info","message":"[NOTIFICATION] To: seshannagarajan@gmail.com, Msg: Your expense request has been processed.","service":"workflow-engine","timestamp":"2026-03-19 13:59:11"}
{"level":"info","message":"Client disconnected","service":"workflow-engine","timestamp":"2026-03-19 13:59:25"}
{"level":"info","message":"New client connected: 1B_5o9aKSMkQlfQhAAAF","service":"workflow-engine","timestamp":"2026-03-19 13:59:32"}
{"level":"info","message":"Client disconnected","service":"workflow-engine","timestamp":"2026-03-19 14:03:08"}
{"level":"info","message":"MongoDB Connected","service":"workflow-engine","timestamp":"2026-03-19 14:08:45"}
{"level":"info","message":"Server running in development mode on port 5000","service":"workflow-engine","timestamp":"2026-03-19 14:08:45"}
{"level":"info","message":"MongoDB Connected","service":"workflow-engine","timestamp":"2026-03-19 19:32:22"}
{"level":"info","message":"Server running in development mode on port 5000","service":"workflow-engine","timestamp":"2026-03-19 19:32:22"}
{"level":"info","message":"MongoDB Connected","service":"workflow-engine","timestamp":"2026-03-19 19:35:00"}
{"level":"info","message":"Server running in development mode on port 5000","service":"workflow-engine","timestamp":"2026-03-19 19:35:00"}
{"level":"error","message":"MongoServerError: Transaction numbers are only allowed on a replica set member or mongos","method":"PUT","service":"workflow-engine","stack":"MongoServerError: Transaction numbers are only allowed on a replica set member or mongos\n    at Connection.sendCommand (C:\\Users\\sesha\\Downloads\\flowpilot-fixed-cleaned\\flowpilot\\backend\\node_modules\\mongodb\\lib\\cmap\\connection.js:306:27)\n    at process.processTicksAndRejections (node:internal/process/task_queues:104:5)\n    at async Connection.command (C:\\Users\\sesha\\Downloads\\flowpilot-fixed-cleaned\\flowpilot\\backend\\node_modules\\mongodb\\lib\\cmap\\connection.js:334:26)\n    at async Server.command (C:\\Users\\sesha\\Downloads\\flowpilot-fixed-cleaned\\flowpilot\\backend\\node_modules\\mongodb\\lib\\sdam\\server.js:194:29)\n    at async tryOperation (C:\\Users\\sesha\\Downloads\\flowpilot-fixed-cleaned\\flowpilot\\backend\\node_modules\\mongodb\\lib\\operations\\execute_operation.js:213:32)\n    at async executeOperation (C:\\Users\\sesha\\Downloads\\flowpilot-fixed-cleaned\\flowpilot\\backend\\node_modules\\mongodb\\lib\\operations\\execute_operation.js:78:16)\n    at async FindCursor._initialize (C:\\Users\\sesha\\Downloads\\flowpilot-fixed-cleaned\\flowpilot\\backend\\node_modules\\mongodb\\lib\\cursor\\find_cursor.js:62:26)\n    at async FindCursor.cursorInit (C:\\Users\\sesha\\Downloads\\flowpilot-fixed-cleaned\\flowpilot\\backend\\node_modules\\mongodb\\lib\\cursor\\abstract_cursor.js:632:27)\n    at async FindCursor.fetchBatch (C:\\Users\\sesha\\Downloads\\flowpilot-fixed-cleaned\\flowpilot\\backend\\node_modules\\mongodb\\lib\\cursor\\abstract_cursor.js:666:13)\n    at async FindCursor.next (C:\\Users\\sesha\\Downloads\\flowpilot-fixed-cleaned\\flowpilot\\backend\\node_modules\\mongodb\\lib\\cursor\\abstract_cursor.js:342:17)","timestamp":"2026-03-19 19:39:44","url":"/api/workflows/69bc02e798d864e613aaa792"}
{"level":"info","message":"New client connected: B3fcZaENBNKIQWg0AAAC","service":"workflow-engine","timestamp":"2026-03-19 19:39:55"}
{"level":"info","message":"Processing step: Validate Request (task) for execution 69bc03d098d864e613aaa7dd","service":"workflow-engine","timestamp":"2026-03-19 19:40:24"}
{"level":"info","message":"Client disconnected","service":"workflow-engine","timestamp":"2026-03-19 19:40:43"}
{"level":"error","message":"MongoServerError: Transaction numbers are only allowed on a replica set member or mongos","method":"PUT","service":"workflow-engine","stack":"MongoServerError: Transaction numbers are only allowed on a replica set member or mongos\n    at Connection.sendCommand (C:\\Users\\sesha\\Downloads\\flowpilot-fixed-cleaned\\flowpilot\\backend\\node_modules\\mongodb\\lib\\cmap\\connection.js:306:27)\n    at process.processTicksAndRejections (node:internal/process/task_queues:104:5)\n    at async Connection.command (C:\\Users\\sesha\\Downloads\\flowpilot-fixed-cleaned\\flowpilot\\backend\\node_modules\\mongodb\\lib\\cmap\\connection.js:334:26)\n    at async Server.command (C:\\Users\\sesha\\Downloads\\flowpilot-fixed-cleaned\\flowpilot\\backend\\node_modules\\mongodb\\lib\\sdam\\server.js:194:29)\n    at async tryOperation (C:\\Users\\sesha\\Downloads\\flowpilot-fixed-cleaned\\flowpilot\\backend\\node_modules\\mongodb\\lib\\operations\\execute_operation.js:213:32)\n    at async executeOperation (C:\\Users\\sesha\\Downloads\\flowpilot-fixed-cleaned\\flowpilot\\backend\\node_modules\\mongodb\\lib\\operations\\execute_operation.js:78:16)\n    at async FindCursor._initialize (C:\\Users\\sesha\\Downloads\\flowpilot-fixed-cleaned\\flowpilot\\backend\\node_modules\\mongodb\\lib\\cursor\\find_cursor.js:62:26)\n    at async FindCursor.cursorInit (C:\\Users\\sesha\\Downloads\\flowpilot-fixed-cleaned\\flowpilot\\backend\\node_modules\\mongodb\\lib\\cursor\\abstract_cursor.js:632:27)\n    at async FindCursor.fetchBatch (C:\\Users\\sesha\\Downloads\\flowpilot-fixed-cleaned\\flowpilot\\backend\\node_modules\\mongodb\\lib\\cursor\\abstract_cursor.js:666:13)\n    at async FindCursor.next (C:\\Users\\sesha\\Downloads\\flowpilot-fixed-cleaned\\flowpilot\\backend\\node_modules\\mongodb\\lib\\cursor\\abstract_cursor.js:342:17)","timestamp":"2026-03-19 19:41:47","url":"/api/workflows/69bc02e798d864e613aaa792"}
{"level":"info","message":"New client connected: Dhhy8nosld_91u6nAAAF","service":"workflow-engine","timestamp":"2026-03-19 19:41:51"}
{"level":"info","message":"Processing step: Validate Request (task) for execution 69bc042c98d864e613aaa803","service":"workflow-engine","timestamp":"2026-03-19 19:41:56"}
{"level":"info","message":"Client disconnected","service":"workflow-engine","timestamp":"2026-03-19 19:42:03"}
{"level":"info","message":"New client connected: b3VzwbyX6RzETtWHAAAI","service":"workflow-engine","timestamp":"2026-03-19 19:42:05"}
{"level":"info","message":"Processing step: Validate Request (task) for execution 69bc043d98d864e613aaa817","service":"workflow-engine","timestamp":"2026-03-19 19:42:13"}
{"level":"info","message":"Client disconnected","service":"workflow-engine","timestamp":"2026-03-19 19:42:20"}
{"level":"info","message":"New client connected: Wm5R1mvNhft0YA3oAAAL","service":"workflow-engine","timestamp":"2026-03-19 19:42:22"}
{"level":"info","message":"Client disconnected","service":"workflow-engine","timestamp":"2026-03-19 19:42:24"}
{"level":"error","message":"MongoServerError: Transaction numbers are only allowed on a replica set member or mongos","method":"PUT","service":"workflow-engine","stack":"MongoServerError: Transaction numbers are only allowed on a replica set member or mongos\n    at Connection.sendCommand (C:\\Users\\sesha\\Downloads\\flowpilot-fixed-cleaned\\flowpilot\\backend\\node_modules\\mongodb\\lib\\cmap\\connection.js:306:27)\n    at process.processTicksAndRejections (node:internal/process/task_queues:104:5)\n    at async Connection.command (C:\\Users\\sesha\\Downloads\\flowpilot-fixed-cleaned\\flowpilot\\backend\\node_modules\\mongodb\\lib\\cmap\\connection.js:334:26)\n    at async Server.command (C:\\Users\\sesha\\Downloads\\flowpilot-fixed-cleaned\\flowpilot\\backend\\node_modules\\mongodb\\lib\\sdam\\server.js:194:29)\n    at async tryOperation (C:\\Users\\sesha\\Downloads\\flowpilot-fixed-cleaned\\flowpilot\\backend\\node_modules\\mongodb\\lib\\operations\\execute_operation.js:213:32)\n    at async executeOperation (C:\\Users\\sesha\\Downloads\\flowpilot-fixed-cleaned\\flowpilot\\backend\\node_modules\\mongodb\\lib\\operations\\execute_operation.js:78:16)\n    at async FindCursor._initialize (C:\\Users\\sesha\\Downloads\\flowpilot-fixed-cleaned\\flowpilot\\backend\\node_modules\\mongodb\\lib\\cursor\\find_cursor.js:62:26)\n    at async FindCursor.cursorInit (C:\\Users\\sesha\\Downloads\\flowpilot-fixed-cleaned\\flowpilot\\backend\\node_modules\\mongodb\\lib\\cursor\\abstract_cursor.js:632:27)\n    at async FindCursor.fetchBatch (C:\\Users\\sesha\\Downloads\\flowpilot-fixed-cleaned\\flowpilot\\backend\\node_modules\\mongodb\\lib\\cursor\\abstract_cursor.js:666:13)\n    at async FindCursor.next (C:\\Users\\sesha\\Downloads\\flowpilot-fixed-cleaned\\flowpilot\\backend\\node_modules\\mongodb\\lib\\cursor\\abstract_cursor.js:342:17)","timestamp":"2026-03-19 19:43:41","url":"/api/workflows/69bc02e798d864e613aaa792"}
{"level":"info","message":"New client connected: mgJef0y-MOmMsFR4AAAO","service":"workflow-engine","timestamp":"2026-03-19 19:43:45"}
{"level":"info","message":"Processing step: Validate Request (task) for execution 69bc049d98d864e613aaa84f","service":"workflow-engine","timestamp":"2026-03-19 19:43:49"}
{"level":"info","message":"Client disconnected","service":"workflow-engine","timestamp":"2026-03-19 19:43:52"}
{"level":"info","message":"New client connected: npFhAYX__972QiLYAAAR","service":"workflow-engine","timestamp":"2026-03-19 19:43:52"}
{"level":"info","message":"Processing step: Validate Request (task) for execution 69bc04ab98d864e613aaa85f","service":"workflow-engine","timestamp":"2026-03-19 19:44:03"}
{"level":"info","message":"MongoDB Connected","service":"workflow-engine","timestamp":"2026-03-19 19:51:32"}
{"level":"info","message":"Server running in development mode on port 5000","service":"workflow-engine","timestamp":"2026-03-19 19:51:32"}
{"level":"info","message":"New client connected: wcXOfRLHsdYLApEDAAAB","service":"workflow-engine","timestamp":"2026-03-19 19:51:37"}
{"level":"info","message":"MongoDB Connected","service":"workflow-engine","timestamp":"2026-03-19 19:51:57"}
{"level":"info","message":"Server running in development mode on port 5000","service":"workflow-engine","timestamp":"2026-03-19 19:51:57"}
{"level":"info","message":"New client connected: qRhm4ceBYBckoD_sAAAB","service":"workflow-engine","timestamp":"2026-03-19 19:51:58"}
{"level":"info","message":"Client disconnected","service":"workflow-engine","timestamp":"2026-03-19 19:52:05"}
{"level":"info","message":"New client connected: 0D_RmAfqDTEP3XfgAAAE","service":"workflow-engine","timestamp":"2026-03-19 19:52:11"}
{"level":"info","message":"Processing step: Validate Request (task) for execution 69bc069711440ede58362504","service":"workflow-engine","timestamp":"2026-03-19 19:52:15"}
{"level":"info","message":"Client disconnected","service":"workflow-engine","timestamp":"2026-03-19 19:52:17"}
{"level":"info","message":"New client connected: 11t3kVtc6UEJNG-FAAAH","service":"workflow-engine","timestamp":"2026-03-19 19:52:19"}
{"level":"info","message":"Processing step: Validate Request (task) for execution 69bc06a211440ede58362513","service":"workflow-engine","timestamp":"2026-03-19 19:52:26"}
{"level":"info","message":"Client disconnected","service":"workflow-engine","timestamp":"2026-03-19 19:52:28"}
{"level":"info","message":"New client connected: Rd-etWa27C-2a6M1AAAK","service":"workflow-engine","timestamp":"2026-03-19 19:52:28"}
{"level":"info","message":"Client disconnected","service":"workflow-engine","timestamp":"2026-03-19 19:52:32"}
{"level":"info","message":"MongoDB Connected","service":"workflow-engine","timestamp":"2026-03-19 20:02:07"}
{"level":"info","message":"Server running in development mode on port 5000","service":"workflow-engine","timestamp":"2026-03-19 20:02:07"}
{"level":"info","message":"MongoDB Connected","service":"workflow-engine","timestamp":"2026-03-19 20:02:20"}
{"level":"info","message":"Server running in development mode on port 5000","service":"workflow-engine","timestamp":"2026-03-19 20:02:20"}
{"level":"info","message":"MongoDB Connected","service":"workflow-engine","timestamp":"2026-03-19 20:03:00"}
{"level":"info","message":"Server running in development mode on port 5000","service":"workflow-engine","timestamp":"2026-03-19 20:03:00"}
{"level":"info","message":"MongoDB Connected","service":"workflow-engine","timestamp":"2026-03-19 20:03:14"}
{"level":"info","message":"Server running in development mode on port 5000","service":"workflow-engine","timestamp":"2026-03-19 20:03:14"}
{"level":"info","message":"MongoDB Connected","service":"workflow-engine","timestamp":"2026-03-19 20:04:55"}
{"level":"info","message":"Server running in development mode on port 5000","service":"workflow-engine","timestamp":"2026-03-19 20:04:55"}
{"level":"info","message":"New client connected: _KP53DUp80RBp6mVAAAC","service":"workflow-engine","timestamp":"2026-03-19 20:06:54"}
{"level":"info","message":"Processing step: Validate Request (task) for execution 69bc0a0afc10df3bea1b9a9c","service":"workflow-engine","timestamp":"2026-03-19 20:06:58"}
{"level":"info","message":"Client disconnected","service":"workflow-engine","timestamp":"2026-03-19 20:07:01"}
{"level":"info","message":"New client connected: XVFzPpRNl6nkLyjbAAAF","service":"workflow-engine","timestamp":"2026-03-19 20:07:03"}
{"level":"info","message":"Processing step: Validate Request (task) for execution 69bc0a17fc10df3bea1b9aab","service":"workflow-engine","timestamp":"2026-03-19 20:07:11"}
{"level":"info","message":"Client disconnected","service":"workflow-engine","timestamp":"2026-03-19 20:15:05"}
{"level":"info","message":"New client connected: 32RibdN7v8gQI9BVAAAI","service":"workflow-engine","timestamp":"2026-03-19 20:18:49"}
{"level":"info","message":"MongoDB Connected","service":"workflow-engine","timestamp":"2026-03-19 20:19:00"}
{"level":"info","message":"Server running in development mode on port 5000","service":"workflow-engine","timestamp":"2026-03-19 20:19:00"}
{"level":"info","message":"New client connected: v3kP74tFvHj_Vcy4AAAB","service":"workflow-engine","timestamp":"2026-03-19 20:19:00"}
{"level":"info","message":"MongoDB Connected","service":"workflow-engine","timestamp":"2026-03-19 20:21:07"}
{"level":"info","message":"Server running in development mode on port 5000","service":"workflow-engine","timestamp":"2026-03-19 20:21:07"}
{"level":"info","message":"New client connected: __QxT5ipOxKKnfH8AAAB","service":"workflow-engine","timestamp":"2026-03-19 20:21:07"}
{"level":"info","message":"MongoDB Connected","service":"workflow-engine","timestamp":"2026-03-19 20:21:12"}
{"level":"info","message":"Server running in development mode on port 5000","service":"workflow-engine","timestamp":"2026-03-19 20:21:12"}
{"level":"info","message":"New client connected: pLFi4ePZn0SbOy3KAAAB","service":"workflow-engine","timestamp":"2026-03-19 20:21:12"}
{"level":"info","message":"Client disconnected","service":"workflow-engine","timestamp":"2026-03-19 20:21:29"}
{"level":"info","message":"New client connected: V57J0hLXG8RiIT8xAAAE","service":"workflow-engine","timestamp":"2026-03-19 20:21:29"}
{"level":"info","message":"Processing step: Validate Request (task) for execution 69bc0d756f582b5713d18ffb","service":"workflow-engine","timestamp":"2026-03-19 20:21:33"}
{"level":"info","message":"Client disconnected","service":"workflow-engine","timestamp":"2026-03-19 20:21:38"}
{"level":"info","message":"New client connected: NE92Ph52AcsfrJk6AAAH","service":"workflow-engine","timestamp":"2026-03-19 20:22:28"}
{"level":"info","message":"Processing step: Validate Request (task) for execution 69bc0daf6f582b5713d19040","service":"workflow-engine","timestamp":"2026-03-19 20:22:31"}
{"level":"info","message":"Client disconnected","service":"workflow-engine","timestamp":"2026-03-19 20:22:34"}
{"level":"info","message":"New client connected: EStJ_EMiZq3A1xiQAAAK","service":"workflow-engine","timestamp":"2026-03-19 20:22:36"}
{"level":"info","message":"Processing step: Validate Request (task) for execution 69bc0dba6f582b5713d1904f","service":"workflow-engine","timestamp":"2026-03-19 20:22:42"}
{"level":"info","message":"Client disconnected","service":"workflow-engine","timestamp":"2026-03-19 20:22:46"}
{"level":"info","message":"MongoDB Connected","service":"workflow-engine","timestamp":"2026-03-19 20:23:04"}
{"level":"info","message":"Server running in development mode on port 5000","service":"workflow-engine","timestamp":"2026-03-19 20:23:05"}
{"level":"info","message":"MongoDB Connected","service":"workflow-engine","timestamp":"2026-03-19 20:23:25"}
{"level":"info","message":"Server running in development mode on port 5000","service":"workflow-engine","timestamp":"2026-03-19 20:23:25"}
{"level":"info","message":"MongoDB Connected","service":"workflow-engine","timestamp":"2026-03-19 20:29:01"}
{"level":"info","message":"Server running in development mode on port 5000","service":"workflow-engine","timestamp":"2026-03-19 20:29:01"}
{"level":"info","message":"New client connected: Gj0mSABrK6DAh5x_AAAC","service":"workflow-engine","timestamp":"2026-03-19 20:31:57"}
{"level":"error","message":"Error: Workflow not found or inactive","method":"POST","service":"workflow-engine","stack":"Error: Workflow not found or inactive\n    at WorkflowEngine.start (C:\\Users\\sesha\\Downloads\\flowpilot-fixed-cleaned\\flowpilot\\backend\\engine\\workflowEngine.js:64:13)\n    at process.processTicksAndRejections (node:internal/process/task_queues:104:5)\n    at async exports.executeWorkflow (C:\\Users\\sesha\\Downloads\\flowpilot-fixed-cleaned\\flowpilot\\backend\\controllers\\executionController.js:43:23)","timestamp":"2026-03-19 20:32:03","url":"/api/workflows/69bc02e798d864e613aaa792/execute"}
{"level":"error","message":"Error: Workflow not found or inactive","method":"POST","service":"workflow-engine","stack":"Error: Workflow not found or inactive\n    at WorkflowEngine.start (C:\\Users\\sesha\\Downloads\\flowpilot-fixed-cleaned\\flowpilot\\backend\\engine\\workflowEngine.js:64:13)\n    at process.processTicksAndRejections (node:internal/process/task_queues:104:5)\n    at async exports.executeWorkflow (C:\\Users\\sesha\\Downloads\\flowpilot-fixed-cleaned\\flowpilot\\backend\\controllers\\executionController.js:43:23)","timestamp":"2026-03-19 20:32:08","url":"/api/workflows/69bc02e798d864e613aaa792/execute"}
{"level":"error","message":"Error: Workflow not found or inactive","method":"POST","service":"workflow-engine","stack":"Error: Workflow not found or inactive\n    at WorkflowEngine.start (C:\\Users\\sesha\\Downloads\\flowpilot-fixed-cleaned\\flowpilot\\backend\\engine\\workflowEngine.js:64:13)\n    at process.processTicksAndRejections (node:internal/process/task_queues:104:5)\n    at async exports.executeWorkflow (C:\\Users\\sesha\\Downloads\\flowpilot-fixed-cleaned\\flowpilot\\backend\\controllers\\executionController.js:43:23)","timestamp":"2026-03-19 20:32:09","url":"/api/workflows/69bc02e798d864e613aaa792/execute"}
{"level":"error","message":"Error: Workflow not found or inactive","method":"POST","service":"workflow-engine","stack":"Error: Workflow not found or inactive\n    at WorkflowEngine.start (C:\\Users\\sesha\\Downloads\\flowpilot-fixed-cleaned\\flowpilot\\backend\\engine\\workflowEngine.js:64:13)\n    at process.processTicksAndRejections (node:internal/process/task_queues:104:5)\n    at async exports.executeWorkflow (C:\\Users\\sesha\\Downloads\\flowpilot-fixed-cleaned\\flowpilot\\backend\\controllers\\executionController.js:43:23)","timestamp":"2026-03-19 20:32:09","url":"/api/workflows/69bc02e798d864e613aaa792/execute"}
{"level":"error","message":"Error: Workflow not found or inactive","method":"POST","service":"workflow-engine","stack":"Error: Workflow not found or inactive\n    at WorkflowEngine.start (C:\\Users\\sesha\\Downloads\\flowpilot-fixed-cleaned\\flowpilot\\backend\\engine\\workflowEngine.js:64:13)\n    at process.processTicksAndRejections (node:internal/process/task_queues:104:5)\n    at async exports.executeWorkflow (C:\\Users\\sesha\\Downloads\\flowpilot-fixed-cleaned\\flowpilot\\backend\\controllers\\executionController.js:43:23)","timestamp":"2026-03-19 20:32:09","url":"/api/workflows/69bc02e798d864e613aaa792/execute"}
{"level":"error","message":"Error: Workflow not found or inactive","method":"POST","service":"workflow-engine","stack":"Error: Workflow not found or inactive\n    at WorkflowEngine.start (C:\\Users\\sesha\\Downloads\\flowpilot-fixed-cleaned\\flowpilot\\backend\\engine\\workflowEngine.js:64:13)\n    at process.processTicksAndRejections (node:internal/process/task_queues:104:5)\n    at async exports.executeWorkflow (C:\\Users\\sesha\\Downloads\\flowpilot-fixed-cleaned\\flowpilot\\backend\\controllers\\executionController.js:43:23)","timestamp":"2026-03-19 20:32:10","url":"/api/workflows/69bc02e798d864e613aaa792/execute"}
{"level":"error","message":"Error: Workflow not found or inactive","method":"POST","service":"workflow-engine","stack":"Error: Workflow not found or inactive\n    at WorkflowEngine.start (C:\\Users\\sesha\\Downloads\\flowpilot-fixed-cleaned\\flowpilot\\backend\\engine\\workflowEngine.js:64:13)\n    at process.processTicksAndRejections (node:internal/process/task_queues:104:5)\n    at async exports.executeWorkflow (C:\\Users\\sesha\\Downloads\\flowpilot-fixed-cleaned\\flowpilot\\backend\\controllers\\executionController.js:43:23)","timestamp":"2026-03-19 20:32:10","url":"/api/workflows/69bc02e798d864e613aaa792/execute"}
{"level":"error","message":"Error: Workflow not found or inactive","method":"POST","service":"workflow-engine","stack":"Error: Workflow not found or inactive\n    at WorkflowEngine.start (C:\\Users\\sesha\\Downloads\\flowpilot-fixed-cleaned\\flowpilot\\backend\\engine\\workflowEngine.js:64:13)\n    at process.processTicksAndRejections (node:internal/process/task_queues:104:5)\n    at async exports.executeWorkflow (C:\\Users\\sesha\\Downloads\\flowpilot-fixed-cleaned\\flowpilot\\backend\\controllers\\executionController.js:43:23)","timestamp":"2026-03-19 20:32:10","url":"/api/workflows/69bc02e798d864e613aaa792/execute"}
{"level":"error","message":"Error: Workflow not found or inactive","method":"POST","service":"workflow-engine","stack":"Error: Workflow not found or inactive\n    at WorkflowEngine.start (C:\\Users\\sesha\\Downloads\\flowpilot-fixed-cleaned\\flowpilot\\backend\\engine\\workflowEngine.js:64:13)\n    at process.processTicksAndRejections (node:internal/process/task_queues:104:5)\n    at async exports.executeWorkflow (C:\\Users\\sesha\\Downloads\\flowpilot-fixed-cleaned\\flowpilot\\backend\\controllers\\executionController.js:43:23)","timestamp":"2026-03-19 20:32:10","url":"/api/workflows/69bc02e798d864e613aaa792/execute"}
{"level":"error","message":"Error: Workflow not found or inactive","method":"POST","service":"workflow-engine","stack":"Error: Workflow not found or inactive\n    at WorkflowEngine.start (C:\\Users\\sesha\\Downloads\\flowpilot-fixed-cleaned\\flowpilot\\backend\\engine\\workflowEngine.js:64:13)\n    at process.processTicksAndRejections (node:internal/process/task_queues:104:5)\n    at async exports.executeWorkflow (C:\\Users\\sesha\\Downloads\\flowpilot-fixed-cleaned\\flowpilot\\backend\\controllers\\executionController.js:43:23)","timestamp":"2026-03-19 20:32:10","url":"/api/workflows/69bc02e798d864e613aaa792/execute"}
{"level":"error","message":"Error: Workflow not found or inactive","method":"POST","service":"workflow-engine","stack":"Error: Workflow not found or inactive\n    at WorkflowEngine.start (C:\\Users\\sesha\\Downloads\\flowpilot-fixed-cleaned\\flowpilot\\backend\\engine\\workflowEngine.js:64:13)\n    at process.processTicksAndRejections (node:internal/process/task_queues:104:5)\n    at async exports.executeWorkflow (C:\\Users\\sesha\\Downloads\\flowpilot-fixed-cleaned\\flowpilot\\backend\\controllers\\executionController.js:43:23)","timestamp":"2026-03-19 20:32:11","url":"/api/workflows/69bc02e798d864e613aaa792/execute"}
{"level":"info","message":"Client disconnected","service":"workflow-engine","timestamp":"2026-03-19 20:32:12"}
{"level":"info","message":"New client connected: x87lVHpM-_i-zJwjAAAF","service":"workflow-engine","timestamp":"2026-03-19 20:32:22"}
{"level":"error","message":"Error: Workflow not found or inactive","method":"POST","service":"workflow-engine","stack":"Error: Workflow not found or inactive\n    at WorkflowEngine.start (C:\\Users\\sesha\\Downloads\\flowpilot-fixed-cleaned\\flowpilot\\backend\\engine\\workflowEngine.js:64:13)\n    at process.processTicksAndRejections (node:internal/process/task_queues:104:5)\n    at async exports.executeWorkflow (C:\\Users\\sesha\\Downloads\\flowpilot-fixed-cleaned\\flowpilot\\backend\\controllers\\executionController.js:43:23)","timestamp":"2026-03-19 20:32:26","url":"/api/workflows/69bc0ffb64ee479fa3b4e024/execute"}
{"level":"error","message":"Error: Workflow not found or inactive","method":"POST","service":"workflow-engine","stack":"Error: Workflow not found or inactive\n    at WorkflowEngine.start (C:\\Users\\sesha\\Downloads\\flowpilot-fixed-cleaned\\flowpilot\\backend\\engine\\workflowEngine.js:64:13)\n    at process.processTicksAndRejections (node:internal/process/task_queues:104:5)\n    at async exports.executeWorkflow (C:\\Users\\sesha\\Downloads\\flowpilot-fixed-cleaned\\flowpilot\\backend\\controllers\\executionController.js:43:23)","timestamp":"2026-03-19 20:32:27","url":"/api/workflows/69bc0ffb64ee479fa3b4e024/execute"}
{"level":"info","message":"MongoDB Connected","service":"workflow-engine","timestamp":"2026-03-19 20:32:37"}
{"level":"info","message":"Server running in development mode on port 5000","service":"workflow-engine","timestamp":"2026-03-19 20:32:37"}
{"level":"info","message":"New client connected: aDQ3dINeS-elLYLyAAAB","service":"workflow-engine","timestamp":"2026-03-19 20:32:37"}
{"level":"error","message":"Error: Workflow not found or inactive","method":"POST","service":"workflow-engine","stack":"Error: Workflow not found or inactive\n    at WorkflowEngine.start (C:\\Users\\sesha\\Downloads\\flowpilot-fixed-cleaned\\flowpilot\\backend\\engine\\workflowEngine.js:64:13)\n    at process.processTicksAndRejections (node:internal/process/task_queues:104:5)\n    at async exports.executeWorkflow (C:\\Users\\sesha\\Downloads\\flowpilot-fixed-cleaned\\flowpilot\\backend\\controllers\\executionController.js:43:23)","timestamp":"2026-03-19 20:39:01","url":"/api/workflows/69bc0ffb64ee479fa3b4e024/execute"}
{"level":"info","message":"Client disconnected","service":"workflow-engine","timestamp":"2026-03-19 20:39:03"}
{"level":"info","message":"New client connected: Jc4be1mHZSzq_uqyAAAE","service":"workflow-engine","timestamp":"2026-03-19 20:39:10"}
{"level":"error","message":"Error: Workflow not found or inactive","method":"POST","service":"workflow-engine","stack":"Error: Workflow not found or inactive\n    at WorkflowEngine.start (C:\\Users\\sesha\\Downloads\\flowpilot-fixed-cleaned\\flowpilot\\backend\\engine\\workflowEngine.js:64:13)\n    at process.processTicksAndRejections (node:internal/process/task_queues:104:5)\n    at async exports.executeWorkflow (C:\\Users\\sesha\\Downloads\\flowpilot-fixed-cleaned\\flowpilot\\backend\\controllers\\executionController.js:43:23)","timestamp":"2026-03-19 20:39:14","url":"/api/workflows/69bc02e798d864e613aaa792/execute"}
{"level":"error","message":"Error: Workflow not found or inactive","method":"POST","service":"workflow-engine","stack":"Error: Workflow not found or inactive\n    at WorkflowEngine.start (C:\\Users\\sesha\\Downloads\\flowpilot-fixed-cleaned\\flowpilot\\backend\\engine\\workflowEngine.js:64:13)\n    at process.processTicksAndRejections (node:internal/process/task_queues:104:5)\n    at async exports.executeWorkflow (C:\\Users\\sesha\\Downloads\\flowpilot-fixed-cleaned\\flowpilot\\backend\\controllers\\executionController.js:43:23)","timestamp":"2026-03-19 20:39:15","url":"/api/workflows/69bc02e798d864e613aaa792/execute"}
{"level":"info","message":"Client disconnected","service":"workflow-engine","timestamp":"2026-03-19 20:39:16"}
{"level":"error","message":"MongoServerError: Transaction numbers are only allowed on a replica set member or mongos","method":"PUT","service":"workflow-engine","stack":"MongoServerError: Transaction numbers are only allowed on a replica set member or mongos\n    at Connection.sendCommand (C:\\Users\\sesha\\Downloads\\flowpilot-fixed-cleaned\\flowpilot\\backend\\node_modules\\mongodb\\lib\\cmap\\connection.js:306:27)\n    at process.processTicksAndRejections (node:internal/process/task_queues:104:5)\n    at async Connection.command (C:\\Users\\sesha\\Downloads\\flowpilot-fixed-cleaned\\flowpilot\\backend\\node_modules\\mongodb\\lib\\cmap\\connection.js:334:26)\n    at async Server.command (C:\\Users\\sesha\\Downloads\\flowpilot-fixed-cleaned\\flowpilot\\backend\\node_modules\\mongodb\\lib\\sdam\\server.js:194:29)\n    at async tryOperation (C:\\Users\\sesha\\Downloads\\flowpilot-fixed-cleaned\\flowpilot\\backend\\node_modules\\mongodb\\lib\\operations\\execute_operation.js:213:32)\n    at async executeOperation (C:\\Users\\sesha\\Downloads\\flowpilot-fixed-cleaned\\flowpilot\\backend\\node_modules\\mongodb\\lib\\operations\\execute_operation.js:78:16)\n    at async FindCursor._initialize (C:\\Users\\sesha\\Downloads\\flowpilot-fixed-cleaned\\flowpilot\\backend\\node_modules\\mongodb\\lib\\cursor\\find_cursor.js:62:26)\n    at async FindCursor.cursorInit (C:\\Users\\sesha\\Downloads\\flowpilot-fixed-cleaned\\flowpilot\\backend\\node_modules\\mongodb\\lib\\cursor\\abstract_cursor.js:632:27)\n    at async FindCursor.fetchBatch (C:\\Users\\sesha\\Downloads\\flowpilot-fixed-cleaned\\flowpilot\\backend\\node_modules\\mongodb\\lib\\cursor\\abstract_cursor.js:666:13)\n    at async FindCursor.next (C:\\Users\\sesha\\Downloads\\flowpilot-fixed-cleaned\\flowpilot\\backend\\node_modules\\mongodb\\lib\\cursor\\abstract_cursor.js:342:17)","timestamp":"2026-03-19 20:39:20","url":"/api/workflows/69bc02e798d864e613aaa792"}
{"level":"info","message":"New client connected: SWRbxhFecI1B3AfTAAAH","service":"workflow-engine","timestamp":"2026-03-19 20:39:33"}
{"level":"error","message":"Error: Workflow not found or inactive","method":"POST","service":"workflow-engine","stack":"Error: Workflow not found or inactive\n    at WorkflowEngine.start (C:\\Users\\sesha\\Downloads\\flowpilot-fixed-cleaned\\flowpilot\\backend\\engine\\workflowEngine.js:64:13)\n    at process.processTicksAndRejections (node:internal/process/task_queues:104:5)\n    at async exports.executeWorkflow (C:\\Users\\sesha\\Downloads\\flowpilot-fixed-cleaned\\flowpilot\\backend\\controllers\\executionController.js:43:23)","timestamp":"2026-03-19 20:39:39","url":"/api/workflows/69bc02e798d864e613aaa792/execute"}
{"level":"error","message":"Error: Workflow not found or inactive","method":"POST","service":"workflow-engine","stack":"Error: Workflow not found or inactive\n    at WorkflowEngine.start (C:\\Users\\sesha\\Downloads\\flowpilot-fixed-cleaned\\flowpilot\\backend\\engine\\workflowEngine.js:64:13)\n    at process.processTicksAndRejections (node:internal/process/task_queues:104:5)\n    at async exports.executeWorkflow (C:\\Users\\sesha\\Downloads\\flowpilot-fixed-cleaned\\flowpilot\\backend\\controllers\\executionController.js:43:23)","timestamp":"2026-03-19 20:39:40","url":"/api/workflows/69bc02e798d864e613aaa792/execute"}
{"level":"error","message":"Error: Workflow not found or inactive","method":"POST","service":"workflow-engine","stack":"Error: Workflow not found or inactive\n    at WorkflowEngine.start (C:\\Users\\sesha\\Downloads\\flowpilot-fixed-cleaned\\flowpilot\\backend\\engine\\workflowEngine.js:64:13)\n    at process.processTicksAndRejections (node:internal/process/task_queues:104:5)\n    at async exports.executeWorkflow (C:\\Users\\sesha\\Downloads\\flowpilot-fixed-cleaned\\flowpilot\\backend\\controllers\\executionController.js:43:23)","timestamp":"2026-03-19 20:39:40","url":"/api/workflows/69bc02e798d864e613aaa792/execute"}
{"level":"error","message":"Error: Workflow not found or inactive","method":"POST","service":"workflow-engine","stack":"Error: Workflow not found or inactive\n    at WorkflowEngine.start (C:\\Users\\sesha\\Downloads\\flowpilot-fixed-cleaned\\flowpilot\\backend\\engine\\workflowEngine.js:64:13)\n    at process.processTicksAndRejections (node:internal/process/task_queues:104:5)\n    at async exports.executeWorkflow (C:\\Users\\sesha\\Downloads\\flowpilot-fixed-cleaned\\flowpilot\\backend\\controllers\\executionController.js:43:23)","timestamp":"2026-03-19 20:39:40","url":"/api/workflows/69bc02e798d864e613aaa792/execute"}
{"level":"error","message":"Error: Workflow not found or inactive","method":"POST","service":"workflow-engine","stack":"Error: Workflow not found or inactive\n    at WorkflowEngine.start (C:\\Users\\sesha\\Downloads\\flowpilot-fixed-cleaned\\flowpilot\\backend\\engine\\workflowEngine.js:64:13)\n    at process.processTicksAndRejections (node:internal/process/task_queues:104:5)\n    at async exports.executeWorkflow (C:\\Users\\sesha\\Downloads\\flowpilot-fixed-cleaned\\flowpilot\\backend\\controllers\\executionController.js:43:23)","timestamp":"2026-03-19 20:39:41","url":"/api/workflows/69bc02e798d864e613aaa792/execute"}
{"level":"info","message":"MongoDB Connected","service":"workflow-engine","timestamp":"2026-03-19 20:39:51"}
{"level":"info","message":"Server running in development mode on port 5000","service":"workflow-engine","timestamp":"2026-03-19 20:39:51"}
{"level":"info","message":"New client connected: 8EgGOA1oGkyJ1lAwAAAB","service":"workflow-engine","timestamp":"2026-03-19 20:39:52"}
{"level":"info","message":"Client disconnected","service":"workflow-engine","timestamp":"2026-03-19 20:39:56"}
{"level":"info","message":"New client connected: o8g2SQ-6sstOZlAOAAAE","service":"workflow-engine","timestamp":"2026-03-19 20:39:56"}
{"level":"error","message":"Error: Workflow not found or inactive","method":"POST","service":"workflow-engine","stack":"Error: Workflow not found or inactive\n    at WorkflowEngine.start (C:\\Users\\sesha\\Downloads\\flowpilot-fixed-cleaned\\flowpilot\\backend\\engine\\workflowEngine.js:64:13)\n    at process.processTicksAndRejections (node:internal/process/task_queues:104:5)\n    at async exports.executeWorkflow (C:\\Users\\sesha\\Downloads\\flowpilot-fixed-cleaned\\flowpilot\\backend\\controllers\\executionController.js:43:23)","timestamp":"2026-03-19 20:39:59","url":"/api/workflows/69bc02e798d864e613aaa792/execute"}
{"level":"info","message":"Client disconnected","service":"workflow-engine","timestamp":"2026-03-19 20:40:03"}
{"level":"info","message":"New client connected: Nc5ZDy7BpbXvA8eYAAAH","service":"workflow-engine","timestamp":"2026-03-19 20:40:04"}
{"level":"error","message":"Error: Workflow not found or inactive","method":"POST","service":"workflow-engine","stack":"Error: Workflow not found or inactive\n    at WorkflowEngine.start (C:\\Users\\sesha\\Downloads\\flowpilot-fixed-cleaned\\flowpilot\\backend\\engine\\workflowEngine.js:64:13)\n    at process.processTicksAndRejections (node:internal/process/task_queues:104:5)\n    at async exports.executeWorkflow (C:\\Users\\sesha\\Downloads\\flowpilot-fixed-cleaned\\flowpilot\\backend\\controllers\\executionController.js:43:23)","timestamp":"2026-03-19 20:40:11","url":"/api/workflows/69bc02e798d864e613aaa792/execute"}
{"level":"info","message":"Client disconnected","service":"workflow-engine","timestamp":"2026-03-19 20:40:12"}
{"level":"info","message":"MongoDB Connected","service":"workflow-engine","timestamp":"2026-03-19 20:40:48"}
{"level":"info","message":"Server running in development mode on port 5000","service":"workflow-engine","timestamp":"2026-03-19 20:40:48"}
{"level":"info","message":"MongoDB Connected","service":"workflow-engine","timestamp":"2026-03-19 20:44:07"}
{"level":"info","message":"Server running in development mode on port 5000","service":"workflow-engine","timestamp":"2026-03-19 20:44:07"}
{"level":"info","message":"New client connected: jOJIBGNDi7xeOmDVAAAC","service":"workflow-engine","timestamp":"2026-03-19 20:44:21"}
{"level":"error","message":"Error: Workflow not found or inactive","method":"POST","service":"workflow-engine","stack":"Error: Workflow not found or inactive\n    at WorkflowEngine.start (C:\\Users\\sesha\\Downloads\\flowpilot-fixed-cleaned\\flowpilot\\backend\\engine\\workflowEngine.js:64:13)\n    at process.processTicksAndRejections (node:internal/process/task_queues:104:5)\n    at async exports.executeWorkflow (C:\\Users\\sesha\\Downloads\\flowpilot-fixed-cleaned\\flowpilot\\backend\\controllers\\executionController.js:43:23)","timestamp":"2026-03-19 20:44:25","url":"/api/workflows/69bc02e798d864e613aaa792/execute"}
{"level":"info","message":"MongoDB Connected","service":"workflow-engine","timestamp":"2026-03-19 20:49:53"}
{"level":"info","message":"Server running in development mode on port 5000","service":"workflow-engine","timestamp":"2026-03-19 20:49:53"}
{"level":"info","message":"New client connected: 5UAwquUckBi_9e_TAAAB","service":"workflow-engine","timestamp":"2026-03-19 20:49:55"}
{"level":"info","message":"Client disconnected","service":"workflow-engine","timestamp":"2026-03-19 20:50:09"}
{"level":"info","message":"New client connected: b36InC4AjIj4fNASAAAE","service":"workflow-engine","timestamp":"2026-03-19 20:57:05"}
{"level":"info","message":"Processing step: Validate Request (task) for execution 69bc15cf96c0a1cc93c8d0bd","service":"workflow-engine","timestamp":"2026-03-19 20:57:11"}
{"level":"info","message":"Processing step: Manager Approval (approval) for execution 69bc15cf96c0a1cc93c8d0bd","service":"workflow-engine","timestamp":"2026-03-19 20:57:11"}
{"level":"info","message":"Processing step: Manager Approval (approval) for execution 69bc15cf96c0a1cc93c8d0bd","service":"workflow-engine","timestamp":"2026-03-19 20:57:20"}
{"level":"info","message":"Client disconnected","service":"workflow-engine","timestamp":"2026-03-19 20:57:23"}
{"level":"info","message":"New client connected: B-r0CleeMtHfjfIAAAAH","service":"workflow-engine","timestamp":"2026-03-19 20:57:25"}
{"level":"info","message":"Processing step: Validate Request (task) for execution 69bc15e396c0a1cc93c8d0d9","service":"workflow-engine","timestamp":"2026-03-19 20:57:31"}
{"level":"info","message":"Processing step: Send notification (notification) for execution 69bc15e396c0a1cc93c8d0d9","service":"workflow-engine","timestamp":"2026-03-19 20:57:31"}
{"level":"info","message":"[NOTIFICATION] To: seshannagarajan@gmail.com, Msg: Your purchase request has been processed.","service":"workflow-engine","timestamp":"2026-03-19 20:57:31"}
{"level":"info","message":"Client disconnected","service":"workflow-engine","timestamp":"2026-03-19 20:57:34"}
{"level":"info","message":"MongoDB Connected","service":"workflow-engine","timestamp":"2026-03-19 21:09:53"}
{"level":"info","message":"Server running in development mode on port 5000","service":"workflow-engine","timestamp":"2026-03-19 21:09:53"}
{"level":"info","message":"New client connected: naxm_encxf-A90u5AAAB","service":"workflow-engine","timestamp":"2026-03-19 21:09:54"}
{"level":"info","message":"Client disconnected","service":"workflow-engine","timestamp":"2026-03-19 21:09:55"}
{"level":"info","message":"New client connected: qwGaQebkAabRPMDTAAAE","service":"workflow-engine","timestamp":"2026-03-19 21:09:58"}
{"level":"info","message":"Client disconnected","service":"workflow-engine","timestamp":"2026-03-19 21:10:01"}
{"level":"info","message":"New client connected: 56NEtUHSAEwAHnLqAAAG","service":"workflow-engine","timestamp":"2026-03-19 21:10:07"}
{"level":"info","message":"Processing step: Check Amount (task) for execution 69bc18f1d852a7345383c419","service":"workflow-engine","timestamp":"2026-03-19 21:10:33"}
{"level":"info","message":"Processing step: Manager Approval (approval) for execution 69bc18f1d852a7345383c419","service":"workflow-engine","timestamp":"2026-03-19 21:10:33"}
{"level":"info","message":"Processing step: Manager Approval (approval) for execution 69bc18f1d852a7345383c419","service":"workflow-engine","timestamp":"2026-03-19 21:10:36"}
{"level":"info","message":"Processing step: Send Notification (notification) for execution 69bc18f1d852a7345383c419","service":"workflow-engine","timestamp":"2026-03-19 21:10:36"}
{"level":"info","message":"[NOTIFICATION] To: seshannagarajan@gmail.com, Msg: Your expense request has been processed.","service":"workflow-engine","timestamp":"2026-03-19 21:10:36"}
{"level":"info","message":"Client disconnected","service":"workflow-engine","timestamp":"2026-03-19 21:10:47"}
{"level":"info","message":"New client connected: fJXTjBR9upq6RSe3AAAI","service":"workflow-engine","timestamp":"2026-03-19 21:10:47"}
{"level":"info","message":"Client disconnected","service":"workflow-engine","timestamp":"2026-03-19 21:11:17"}
{"level":"info","message":"New client connected: is6UMWDHgHJRAGIuAAAL","service":"workflow-engine","timestamp":"2026-03-19 21:11:22"}
{"level":"info","message":"Processing step: Validate Leave Request (task) for execution 69bc1930d852a7345383c446","service":"workflow-engine","timestamp":"2026-03-19 21:11:36"}
{"level":"info","message":"Processing step: Manager Approval (approval) for execution 69bc1930d852a7345383c446","service":"workflow-engine","timestamp":"2026-03-19 21:11:36"}
{"level":"info","message":"Processing step: Manager Approval (approval) for execution 69bc1930d852a7345383c446","service":"workflow-engine","timestamp":"2026-03-19 21:11:37"}
{"level":"info","message":"Processing step: HR Notification (notification) for execution 69bc1930d852a7345383c446","service":"workflow-engine","timestamp":"2026-03-19 21:11:37"}
{"level":"info","message":"[NOTIFICATION] To: testmail@mail.com, Msg: Your leave request has been reviewed.","service":"workflow-engine","timestamp":"2026-03-19 21:11:37"}
{"level":"info","message":"Client disconnected","service":"workflow-engine","timestamp":"2026-03-19 21:11:42"}
{"level":"info","message":"New client connected: 6tKSck5oiE1Mh-DcAAAO","service":"workflow-engine","timestamp":"2026-03-19 21:12:30"}
{"level":"info","message":"Processing step: Check Amount (task) for execution 69bc1997d852a7345383c485","service":"workflow-engine","timestamp":"2026-03-19 21:13:19"}
{"level":"info","message":"Processing step: Manager Approval (approval) for execution 69bc1997d852a7345383c485","service":"workflow-engine","timestamp":"2026-03-19 21:13:19"}
{"level":"info","message":"Processing step: Manager Approval (approval) for execution 69bc1997d852a7345383c485","service":"workflow-engine","timestamp":"2026-03-19 21:13:21"}
{"level":"info","message":"Processing step: Send Notification (notification) for execution 69bc1997d852a7345383c485","service":"workflow-engine","timestamp":"2026-03-19 21:13:21"}
{"level":"info","message":"[NOTIFICATION] To: seshannagarajan@gmail.com, Msg: Your expense request has been processed.","service":"workflow-engine","timestamp":"2026-03-19 21:13:21"}
{"level":"info","message":"Client disconnected","service":"workflow-engine","timestamp":"2026-03-19 21:13:25"}
{"level":"info","message":"New client connected: fs_xPIFjK7F2RReyAAAR","service":"workflow-engine","timestamp":"2026-03-19 21:26:03"}
{"level":"info","message":"Processing step: Validate request (task) for execution 69bc1ca9d852a7345383c509","service":"workflow-engine","timestamp":"2026-03-19 21:26:25"}
{"level":"info","message":"Processing step: Manager Approval (approval) for execution 69bc1ca9d852a7345383c509","service":"workflow-engine","timestamp":"2026-03-19 21:26:25"}
{"level":"info","message":"Processing step: Manager Approval (approval) for execution 69bc1ca9d852a7345383c509","service":"workflow-engine","timestamp":"2026-03-19 21:26:27"}
{"level":"info","message":"Client disconnected","service":"workflow-engine","timestamp":"2026-03-19 21:26:35"}
{"level":"info","message":"New client connected: mBPGlGD15YAQz9tMAAAU","service":"workflow-engine","timestamp":"2026-03-19 21:26:40"}
{"level":"info","message":"Processing step: Validate request (task) for execution 69bc1cc2d852a7345383c525","service":"workflow-engine","timestamp":"2026-03-19 21:26:50"}
{"level":"info","message":"Processing step: Send Notification (notification) for execution 69bc1cc2d852a7345383c525","service":"workflow-engine","timestamp":"2026-03-19 21:26:50"}
{"level":"info","message":"[NOTIFICATION] To: seshannagarajan@gmail.com, Msg: Your purchase request has been processed.","service":"workflow-engine","timestamp":"2026-03-19 21:26:50"}
{"level":"info","message":"Client disconnected","service":"workflow-engine","timestamp":"2026-03-19 21:27:04"}
{"level":"info","message":"MongoDB Connected","service":"workflow-engine","timestamp":"2026-03-19 21:48:40"}
{"level":"info","message":"Server running in development mode on port 5000","service":"workflow-engine","timestamp":"2026-03-19 21:48:40"}
{"level":"info","message":"New client connected: 8bBl9-BjEiZH1HEIAAAC","service":"workflow-engine","timestamp":"2026-03-19 21:51:21"}
{"level":"info","message":"Processing step: Check Amount (task) for execution 69bc229db7d8ac4756e6fd37","service":"workflow-engine","timestamp":"2026-03-19 21:51:49"}
{"level":"info","message":"Processing step: Manager Approval (approval) for execution 69bc229db7d8ac4756e6fd37","service":"workflow-engine","timestamp":"2026-03-19 21:51:49"}
{"level":"info","message":"Processing step: Manager Approval (approval) for execution 69bc229db7d8ac4756e6fd37","service":"workflow-engine","timestamp":"2026-03-19 21:51:51"}
{"level":"info","message":"Processing step: Send Notification (notification) for execution 69bc229db7d8ac4756e6fd37","service":"workflow-engine","timestamp":"2026-03-19 21:51:51"}
{"level":"info","message":"[NOTIFICATION] To: seshannagarajan@gmail.com, Msg: Your expense request has been processed.","service":"workflow-engine","timestamp":"2026-03-19 21:51:51"}
{"level":"info","message":"Client disconnected","service":"workflow-engine","timestamp":"2026-03-19 21:52:25"}
{"level":"info","message":"New client connected: YqcYt1WjYdlG2W-OAAAF","service":"workflow-engine","timestamp":"2026-03-19 21:52:28"}
{"level":"info","message":"Processing step: Check Amount (task) for execution 69bc22edb7d8ac4756e6fd64","service":"workflow-engine","timestamp":"2026-03-19 21:53:09"}
{"level":"info","message":"Processing step: Send Notification (notification) for execution 69bc22edb7d8ac4756e6fd64","service":"workflow-engine","timestamp":"2026-03-19 21:53:09"}
{"level":"info","message":"[NOTIFICATION] To: seshannagarajan@gmail.com, Msg: Your expense request has been processed.","service":"workflow-engine","timestamp":"2026-03-19 21:53:09"}
{"level":"info","message":"Client disconnected","service":"workflow-engine","timestamp":"2026-03-19 21:53:26"}
{"level":"info","message":"New client connected: R6LU_mm3XmmNUT3wAAAI","service":"workflow-engine","timestamp":"2026-03-19 21:53:29"}
{"level":"info","message":"Processing step: Validate Leave Request (task) for execution 69bc2317b7d8ac4756e6fd7a","service":"workflow-engine","timestamp":"2026-03-19 21:53:51"}
{"level":"info","message":"Processing step: HR Notification (notification) for execution 69bc2317b7d8ac4756e6fd7a","service":"workflow-engine","timestamp":"2026-03-19 21:53:51"}
{"level":"info","message":"[NOTIFICATION] To: testmail@mail.com, Msg: Your leave request has been reviewed.","service":"workflow-engine","timestamp":"2026-03-19 21:53:51"}
{"level":"info","message":"Client disconnected","service":"workflow-engine","timestamp":"2026-03-19 21:54:05"}
{"level":"info","message":"New client connected: ZzjAnvi-qXY1ekWxAAAL","service":"workflow-engine","timestamp":"2026-03-19 21:54:07"}
{"level":"info","message":"Processing step: Validate Leave Request (task) for execution 69bc2339b7d8ac4756e6fd90","service":"workflow-engine","timestamp":"2026-03-19 21:54:25"}
{"level":"info","message":"Processing step: Manager Approval (approval) for execution 69bc2339b7d8ac4756e6fd90","service":"workflow-engine","timestamp":"2026-03-19 21:54:25"}
{"level":"info","message":"Processing step: Manager Approval (approval) for execution 69bc2339b7d8ac4756e6fd90","service":"workflow-engine","timestamp":"2026-03-19 21:54:28"}
{"level":"info","message":"Processing step: HR Notification (notification) for execution 69bc2339b7d8ac4756e6fd90","service":"workflow-engine","timestamp":"2026-03-19 21:54:28"}
{"level":"info","message":"[NOTIFICATION] To: testmail@mail.com, Msg: Your leave request has been reviewed.","service":"workflow-engine","timestamp":"2026-03-19 21:54:28"}
{"level":"info","message":"Client disconnected","service":"workflow-engine","timestamp":"2026-03-19 21:54:45"}
{"level":"info","message":"New client connected: oNeaWof7OkrrFEdVAAAO","service":"workflow-engine","timestamp":"2026-03-19 21:58:25"}
{"level":"info","message":"Processing step: Validate Request (task) for execution 69bc2431b7d8ac4756e6fe08","service":"workflow-engine","timestamp":"2026-03-19 21:58:33"}
{"level":"info","message":"Processing step: Send Notification (notification) for execution 69bc2431b7d8ac4756e6fe08","service":"workflow-engine","timestamp":"2026-03-19 21:58:33"}
{"level":"info","message":"[NOTIFICATION] To: seshannagarajan@gmail.com, Msg: Your purchase request has been processed.","service":"workflow-engine","timestamp":"2026-03-19 21:58:33"}
{"level":"info","message":"Client disconnected","service":"workflow-engine","timestamp":"2026-03-19 21:58:36"}
{"level":"info","message":"New client connected: 3LwmzIL9pOsyQwopAAAR","service":"workflow-engine","timestamp":"2026-03-19 21:58:38"}
{"level":"info","message":"Processing step: Validate Request (task) for execution 69bc243fb7d8ac4756e6fe22","service":"workflow-engine","timestamp":"2026-03-19 21:58:47"}
{"level":"info","message":"Processing step: Manager Approval (approval) for execution 69bc243fb7d8ac4756e6fe22","service":"workflow-engine","timestamp":"2026-03-19 21:58:47"}
{"level":"info","message":"Processing step: Manager Approval (approval) for execution 69bc243fb7d8ac4756e6fe22","service":"workflow-engine","timestamp":"2026-03-19 21:58:49"}
{"level":"info","message":"Client disconnected","service":"workflow-engine","timestamp":"2026-03-19 22:00:02"}
{"level":"info","message":"New client connected: v2VTrsiB8PR_FdlLAAAU","service":"workflow-engine","timestamp":"2026-03-19 22:00:05"}
{"level":"info","message":"Client disconnected","service":"workflow-engine","timestamp":"2026-03-19 22:00:07"}
{"level":"info","message":"New client connected: 4NAqMHYOOm39ylFdAAAX","service":"workflow-engine","timestamp":"2026-03-19 22:00:41"}
{"level":"info","message":"Processing step: Check Amount (task) for execution 69bc24c4b7d8ac4756e6fe70","service":"workflow-engine","timestamp":"2026-03-19 22:01:00"}
{"level":"info","message":"Processing step: Send Notification (notification) for execution 69bc24c4b7d8ac4756e6fe70","service":"workflow-engine","timestamp":"2026-03-19 22:01:00"}
{"level":"info","message":"[NOTIFICATION] To: seshannagarajan@gmail.com, Msg: Your expense request has been processed.","service":"workflow-engine","timestamp":"2026-03-19 22:01:00"}
{"level":"info","message":"Client disconnected","service":"workflow-engine","timestamp":"2026-03-19 22:01:05"}
{"level":"info","message":"New client connected: EZ8ImrYV_NI04DNfAAAa","service":"workflow-engine","timestamp":"2026-03-19 22:01:07"}
{"level":"info","message":"Processing step: Check Amount (task) for execution 69bc24ddb7d8ac4756e6fe8a","service":"workflow-engine","timestamp":"2026-03-19 22:01:25"}
{"level":"info","message":"Processing step: Send Notification (notification) for execution 69bc24ddb7d8ac4756e6fe8a","service":"workflow-engine","timestamp":"2026-03-19 22:01:25"}
{"level":"info","message":"[NOTIFICATION] To: seshannagarajan@gmail.com, Msg: Your expense request has been processed.","service":"workflow-engine","timestamp":"2026-03-19 22:01:25"}
{"level":"info","message":"Client disconnected","service":"workflow-engine","timestamp":"2026-03-19 22:01:29"}
{"level":"info","message":"New client connected: ATSZVhMXbQOMx7tzAAAd","service":"workflow-engine","timestamp":"2026-03-19 22:04:53"}
{"level":"error","message":"Error: Workflow not found or inactive","method":"POST","service":"workflow-engine","stack":"Error: Workflow not found or inactive\n    at WorkflowEngine.start (C:\\Users\\sesha\\Downloads\\flowpilot-fixed-cleaned\\flowpilot\\backend\\engine\\workflowEngine.js:64:13)\n    at process.processTicksAndRejections (node:internal/process/task_queues:104:5)\n    at async exports.executeWorkflow (C:\\Users\\sesha\\Downloads\\flowpilot-fixed-cleaned\\flowpilot\\backend\\controllers\\executionController.js:43:23)","timestamp":"2026-03-19 22:05:09","url":"/api/workflows/69bc24aab7d8ac4756e6fe53/execute"}
{"level":"error","message":"Error: Workflow not found or inactive","method":"POST","service":"workflow-engine","stack":"Error: Workflow not found or inactive\n    at WorkflowEngine.start (C:\\Users\\sesha\\Downloads\\flowpilot-fixed-cleaned\\flowpilot\\backend\\engine\\workflowEngine.js:64:13)\n    at process.processTicksAndRejections (node:internal/process/task_queues:104:5)\n    at async exports.executeWorkflow (C:\\Users\\sesha\\Downloads\\flowpilot-fixed-cleaned\\flowpilot\\backend\\controllers\\executionController.js:43:23)","timestamp":"2026-03-19 22:05:11","url":"/api/workflows/69bc24aab7d8ac4756e6fe53/execute"}
{"level":"info","message":"Client disconnected","service":"workflow-engine","timestamp":"2026-03-19 22:05:13"}
